24-Dec-2022 13:01:22.822 INFO [main] com.springsource.tcserver.security.PropertyDecoder.<init> tc Runtime property decoder using memory-based key
24-Dec-2022 13:01:22.825 INFO [main] com.springsource.tcserver.security.TcDecoder.initCiphers Initializing ciphers
24-Dec-2022 13:01:23.525 INFO [main] com.springsource.tcserver.security.PropertyDecoder.<init> tcServer Runtime property decoder has been initialized in 705 ms
24-Dec-2022 13:01:24.378 INFO [main] org.apache.coyote.AbstractProtocol.init Initializing ProtocolHandler ["http-nio-8080"]
24-Dec-2022 13:01:25.271 INFO [main] org.apache.tomcat.util.net.NioSelectorPool.getSharedSelector Using a shared selector for servlet write/read
24-Dec-2022 13:01:25.430 INFO [main] com.springsource.tcserver.serviceability.rmi.JmxSocketListener.init Started up JMX registry on 127.0.0.1:6969 in 106 ms
24-Dec-2022 13:01:25.491 INFO [main] org.apache.catalina.core.StandardService.startInternal Starting service [Catalina]
24-Dec-2022 13:01:25.491 INFO [main] org.apache.catalina.core.StandardEngine.startInternal Starting Servlet Engine: Pivotal tc Runtime 9.0.13.B.RELEASE
24-Dec-2022 13:01:25.514 INFO [main] org.apache.catalina.startup.HostConfig.deployDescriptor Deploying deployment descriptor [D:\Setup\spring-tool-suite-3.9.9\sts-bundle\pivotal-tc-server\instances\base-instance\conf\Catalina\localhost\DataSecurity.xml]
24-Dec-2022 13:01:25.555 WARNING [main] org.apache.catalina.startup.HostConfig.deployDescriptor The path attribute with value [/DataSecurity] in deployment descriptor [D:\Setup\spring-tool-suite-3.9.9\sts-bundle\pivotal-tc-server\instances\base-instance\conf\Catalina\localhost\DataSecurity.xml] has been ignored
24-Dec-2022 13:01:47.394 INFO [main] org.apache.jasper.servlet.TldScanner.scanJars At least one JAR was scanned for TLDs yet contained no TLDs. Enable debug logging for this logger for a complete list of JARs that were scanned but no TLDs were found in them. Skipping unneeded JARs during scanning can improve startup time and JSP compilation time.
24-Dec-2022 13:01:47.459 INFO [main] org.apache.catalina.startup.HostConfig.deployDescriptor Deployment of deployment descriptor [D:\Setup\spring-tool-suite-3.9.9\sts-bundle\pivotal-tc-server\instances\base-instance\conf\Catalina\localhost\DataSecurity.xml] has finished in [21,945] ms
24-Dec-2022 13:01:47.459 INFO [main] org.apache.catalina.startup.HostConfig.deployDescriptor Deploying deployment descriptor [D:\Setup\spring-tool-suite-3.9.9\sts-bundle\pivotal-tc-server\instances\base-instance\conf\Catalina\localhost\E-Patsanstha.xml]
24-Dec-2022 13:01:47.461 WARNING [main] org.apache.catalina.startup.HostConfig.deployDescriptor The path attribute with value [/E-Patsanstha] in deployment descriptor [D:\Setup\spring-tool-suite-3.9.9\sts-bundle\pivotal-tc-server\instances\base-instance\conf\Catalina\localhost\E-Patsanstha.xml] has been ignored
24-Dec-2022 13:01:51.580 WARNING [main] org.apache.catalina.webresources.Cache.getResource Unable to add the resource at [/WEB-INF/classes/static/UserUI/vendor/font-awesome/css/font-awesome.min.css] to the cache for web application [/E-Patsanstha] because there was insufficient free space available after evicting expired cache entries - consider increasing the maximum size of the cache
24-Dec-2022 13:01:51.581 WARNING [main] org.apache.catalina.webresources.Cache.getResource Unable to add the resource at [/WEB-INF/classes/static/UserUI/vendor/font-awesome/fonts/fontawesome-webfont.eot] to the cache for web application [/E-Patsanstha] because there was insufficient free space available after evicting expired cache entries - consider increasing the maximum size of the cache
24-Dec-2022 13:01:51.581 WARNING [main] org.apache.catalina.webresources.Cache.getResource Unable to add the resource at [/WEB-INF/classes/static/UserUI/vendor/font-awesome/fonts/fontawesome-webfont.svg] to the cache for web application [/E-Patsanstha] because there was insufficient free space available after evicting expired cache entries - consider increasing the maximum size of the cache
24-Dec-2022 13:01:51.581 WARNING [main] org.apache.catalina.webresources.Cache.getResource Unable to add the resource at [/WEB-INF/classes/static/UserUI/vendor/font-awesome/fonts/fontawesome-webfont.ttf] to the cache for web application [/E-Patsanstha] because there was insufficient free space available after evicting expired cache entries - consider increasing the maximum size of the cache
24-Dec-2022 13:01:51.582 WARNING [main] org.apache.catalina.webresources.Cache.getResource Unable to add the resource at [/WEB-INF/classes/static/UserUI/vendor/font-awesome/fonts/fontawesome-webfont.woff] to the cache for web application [/E-Patsanstha] because there was insufficient free space available after evicting expired cache entries - consider increasing the maximum size of the cache
24-Dec-2022 13:01:51.582 WARNING [main] org.apache.catalina.webresources.Cache.getResource Unable to add the resource at [/WEB-INF/classes/static/UserUI/vendor/font-awesome/fonts/fontawesome-webfont.woff2] to the cache for web application [/E-Patsanstha] because there was insufficient free space available after evicting expired cache entries - consider increasing the maximum size of the cache
24-Dec-2022 13:01:51.582 WARNING [main] org.apache.catalina.webresources.Cache.getResource Unable to add the resource at [/WEB-INF/classes/static/UserUI/vendor/font-awesome/fonts/FontAwesome.otf] to the cache for web application [/E-Patsanstha] because there was insufficient free space available after evicting expired cache entries - consider increasing the maximum size of the cache
24-Dec-2022 13:01:51.584 WARNING [main] org.apache.catalina.webresources.Cache.getResource Unable to add the resource at [/WEB-INF/classes/static/UserUI/vendor/font-awesome/less/icons.less] to the cache for web application [/E-Patsanstha] because there was insufficient free space available after evicting expired cache entries - consider increasing the maximum size of the cache
24-Dec-2022 13:01:51.586 WARNING [main] org.apache.catalina.webresources.Cache.getResource Unable to add the resource at [/WEB-INF/classes/static/UserUI/vendor/font-awesome/less/variables.less] to the cache for web application [/E-Patsanstha] because there was insufficient free space available after evicting expired cache entries - consider increasing the maximum size of the cache
24-Dec-2022 13:01:51.588 WARNING [main] org.apache.catalina.webresources.Cache.getResource Unable to add the resource at [/WEB-INF/classes/static/UserUI/vendor/font-awesome/scss/_icons.scss] to the cache for web application [/E-Patsanstha] because there was insufficient free space available after evicting expired cache entries - consider increasing the maximum size of the cache
24-Dec-2022 13:01:51.589 WARNING [main] org.apache.catalina.webresources.Cache.getResource Unable to add the resource at [/WEB-INF/classes/static/UserUI/vendor/font-awesome/scss/_mixins.scss] to the cache for web application [/E-Patsanstha] because there was insufficient free space available after evicting expired cache entries - consider increasing the maximum size of the cache
24-Dec-2022 13:01:51.589 WARNING [main] org.apache.catalina.webresources.Cache.getResource Unable to add the resource at [/WEB-INF/classes/static/UserUI/vendor/font-awesome/scss/_path.scss] to the cache for web application [/E-Patsanstha] because there was insufficient free space available after evicting expired cache entries - consider increasing the maximum size of the cache
24-Dec-2022 13:01:51.589 WARNING [main] org.apache.catalina.webresources.Cache.getResource Unable to add the resource at [/WEB-INF/classes/static/UserUI/vendor/font-awesome/scss/_screen-reader.scss] to the cache for web application [/E-Patsanstha] because there was insufficient free space available after evicting expired cache entries - consider increasing the maximum size of the cache
24-Dec-2022 13:01:51.590 WARNING [main] org.apache.catalina.webresources.Cache.getResource Unable to add the resource at [/WEB-INF/classes/static/UserUI/vendor/font-awesome/scss/_stacked.scss] to the cache for web application [/E-Patsanstha] because there was insufficient free space available after evicting expired cache entries - consider increasing the maximum size of the cache
24-Dec-2022 13:01:51.590 WARNING [main] org.apache.catalina.webresources.Cache.getResource Unable to add the resource at [/WEB-INF/classes/static/UserUI/vendor/font-awesome/scss/_variables.scss] to the cache for web application [/E-Patsanstha] because there was insufficient free space available after evicting expired cache entries - consider increasing the maximum size of the cache
24-Dec-2022 13:01:51.591 WARNING [main] org.apache.catalina.webresources.Cache.getResource Unable to add the resource at [/WEB-INF/classes/static/UserUI/vendor/jquery/jquery.js] to the cache for web application [/E-Patsanstha] because there was insufficient free space available after evicting expired cache entries - consider increasing the maximum size of the cache
24-Dec-2022 13:01:51.592 WARNING [main] org.apache.catalina.webresources.Cache.getResource Unable to add the resource at [/WEB-INF/classes/static/UserUI/vendor/jquery/jquery.min.js] to the cache for web application [/E-Patsanstha] because there was insufficient free space available after evicting expired cache entries - consider increasing the maximum size of the cache
24-Dec-2022 13:01:51.592 WARNING [main] org.apache.catalina.webresources.Cache.getResource Unable to add the resource at [/WEB-INF/classes/static/UserUI/vendor/jquery/jquery.min.map] to the cache for web application [/E-Patsanstha] because there was insufficient free space available after evicting expired cache entries - consider increasing the maximum size of the cache
24-Dec-2022 13:01:51.592 WARNING [main] org.apache.catalina.webresources.Cache.getResource Unable to add the resource at [/WEB-INF/classes/static/UserUI/vendor/jquery/jquery.slim.js] to the cache for web application [/E-Patsanstha] because there was insufficient free space available after evicting expired cache entries - consider increasing the maximum size of the cache
24-Dec-2022 13:01:51.592 WARNING [main] org.apache.catalina.webresources.Cache.getResource Unable to add the resource at [/WEB-INF/classes/static/UserUI/vendor/jquery/jquery.slim.min.js] to the cache for web application [/E-Patsanstha] because there was insufficient free space available after evicting expired cache entries - consider increasing the maximum size of the cache
24-Dec-2022 13:01:51.593 WARNING [main] org.apache.catalina.webresources.Cache.getResource Unable to add the resource at [/WEB-INF/classes/static/UserUI/vendor/jquery/jquery.slim.min.map] to the cache for web application [/E-Patsanstha] because there was insufficient free space available after evicting expired cache entries - consider increasing the maximum size of the cache
24-Dec-2022 13:01:51.594 WARNING [main] org.apache.catalina.webresources.Cache.getResource Unable to add the resource at [/WEB-INF/classes/static/UserUI/vendor/jquery-easing/jquery.easing.compatibility.js] to the cache for web application [/E-Patsanstha] because there was insufficient free space available after evicting expired cache entries - consider increasing the maximum size of the cache
24-Dec-2022 13:01:51.595 WARNING [main] org.apache.catalina.webresources.Cache.getResource Unable to add the resource at [/WEB-INF/classes/static/UserUI/vendor/jquery-easing/jquery.easing.js] to the cache for web application [/E-Patsanstha] because there was insufficient free space available after evicting expired cache entries - consider increasing the maximum size of the cache
24-Dec-2022 13:01:51.595 WARNING [main] org.apache.catalina.webresources.Cache.getResource Unable to add the resource at [/WEB-INF/classes/static/UserUI/vendor/jquery-easing/jquery.easing.min.js] to the cache for web application [/E-Patsanstha] because there was insufficient free space available after evicting expired cache entries - consider increasing the maximum size of the cache
24-Dec-2022 13:02:26.008 INFO [main] org.apache.jasper.servlet.TldScanner.scanJars At least one JAR was scanned for TLDs yet contained no TLDs. Enable debug logging for this logger for a complete list of JARs that were scanned but no TLDs were found in them. Skipping unneeded JARs during scanning can improve startup time and JSP compilation time.
24-Dec-2022 13:02:26.024 INFO [main] org.apache.catalina.startup.HostConfig.deployDescriptor Deployment of deployment descriptor [D:\Setup\spring-tool-suite-3.9.9\sts-bundle\pivotal-tc-server\instances\base-instance\conf\Catalina\localhost\E-Patsanstha.xml] has finished in [38,564] ms
24-Dec-2022 13:02:26.122 INFO [main] org.apache.catalina.startup.HostConfig.deployDirectory Deploying web application directory [D:\Setup\spring-tool-suite-3.9.9\sts-bundle\pivotal-tc-server\instances\base-instance\webapps\manager]
24-Dec-2022 13:02:26.749 INFO [main] org.apache.jasper.servlet.TldScanner.scanJars At least one JAR was scanned for TLDs yet contained no TLDs. Enable debug logging for this logger for a complete list of JARs that were scanned but no TLDs were found in them. Skipping unneeded JARs during scanning can improve startup time and JSP compilation time.
24-Dec-2022 13:02:26.758 INFO [main] org.apache.catalina.startup.HostConfig.deployDirectory Deployment of web application directory [D:\Setup\spring-tool-suite-3.9.9\sts-bundle\pivotal-tc-server\instances\base-instance\webapps\manager] has finished in [635] ms
24-Dec-2022 13:02:26.821 INFO [main] org.apache.catalina.startup.HostConfig.deployDirectory Deploying web application directory [D:\Setup\spring-tool-suite-3.9.9\sts-bundle\pivotal-tc-server\instances\base-instance\webapps\ROOT]
24-Dec-2022 13:02:26.942 INFO [main] org.apache.jasper.servlet.TldScanner.scanJars At least one JAR was scanned for TLDs yet contained no TLDs. Enable debug logging for this logger for a complete list of JARs that were scanned but no TLDs were found in them. Skipping unneeded JARs during scanning can improve startup time and JSP compilation time.
24-Dec-2022 13:02:26.944 INFO [main] org.apache.catalina.startup.HostConfig.deployDirectory Deployment of web application directory [D:\Setup\spring-tool-suite-3.9.9\sts-bundle\pivotal-tc-server\instances\base-instance\webapps\ROOT] has finished in [123] ms
24-Dec-2022 13:02:26.991 INFO [main] org.apache.coyote.AbstractProtocol.start Starting ProtocolHandler ["http-nio-8080"]
24-Dec-2022 13:09:36.229 INFO [RMI TCP Connection(4)-127.0.0.1] org.apache.coyote.AbstractProtocol.pause Pausing ProtocolHandler ["http-nio-8080"]
24-Dec-2022 13:09:36.309 INFO [RMI TCP Connection(4)-127.0.0.1] org.apache.catalina.core.StandardService.stopInternal Stopping service [Catalina]
24-Dec-2022 13:09:36.388 WARNING [RMI TCP Connection(4)-127.0.0.1] org.apache.catalina.loader.WebappClassLoaderBase.clearReferencesThreads The web application [DataSecurity] appears to have started a thread named [mysql-cj-abandoned-connection-cleanup] but has failed to stop it. This is very likely to create a memory leak. Stack trace of thread:
 java.lang.Object.wait(Native Method)
 java.lang.ref.ReferenceQueue.remove(ReferenceQueue.java:144)
 com.mysql.cj.jdbc.AbandonedConnectionCleanupThread.run(AbandonedConnectionCleanupThread.java:91)
 java.util.concurrent.ThreadPoolExecutor.runWorker(ThreadPoolExecutor.java:1149)
 java.util.concurrent.ThreadPoolExecutor$Worker.run(ThreadPoolExecutor.java:624)
 java.lang.Thread.run(Thread.java:748)
24-Dec-2022 13:09:36.443 WARNING [RMI TCP Connection(4)-127.0.0.1] org.apache.catalina.loader.WebappClassLoaderBase.clearReferencesThreads The web application [E-Patsanstha] appears to have started a thread named [mysql-cj-abandoned-connection-cleanup] but has failed to stop it. This is very likely to create a memory leak. Stack trace of thread:
 java.lang.Object.wait(Native Method)
 java.lang.ref.ReferenceQueue.remove(ReferenceQueue.java:144)
 com.mysql.cj.jdbc.AbandonedConnectionCleanupThread.run(AbandonedConnectionCleanupThread.java:91)
 java.util.concurrent.ThreadPoolExecutor.runWorker(ThreadPoolExecutor.java:1149)
 java.util.concurrent.ThreadPoolExecutor$Worker.run(ThreadPoolExecutor.java:624)
 java.lang.Thread.run(Thread.java:748)
24-Dec-2022 13:09:36.453 INFO [RMI TCP Connection(4)-127.0.0.1] org.apache.coyote.AbstractProtocol.stop Stopping ProtocolHandler ["http-nio-8080"]
24-Dec-2022 13:09:39.029 INFO [main] com.springsource.tcserver.security.PropertyDecoder.<init> tc Runtime property decoder using memory-based key
24-Dec-2022 13:09:39.032 INFO [main] com.springsource.tcserver.security.TcDecoder.initCiphers Initializing ciphers
24-Dec-2022 13:09:39.420 INFO [main] com.springsource.tcserver.security.PropertyDecoder.<init> tcServer Runtime property decoder has been initialized in 393 ms
24-Dec-2022 13:09:39.925 INFO [main] org.apache.coyote.AbstractProtocol.init Initializing ProtocolHandler ["http-nio-8080"]
24-Dec-2022 13:09:40.041 INFO [main] org.apache.tomcat.util.net.NioSelectorPool.getSharedSelector Using a shared selector for servlet write/read
24-Dec-2022 13:09:40.140 INFO [main] com.springsource.tcserver.serviceability.rmi.JmxSocketListener.init Started up JMX registry on 127.0.0.1:6969 in 72 ms
24-Dec-2022 13:09:40.160 INFO [main] org.apache.catalina.core.StandardService.startInternal Starting service [Catalina]
24-Dec-2022 13:09:40.161 INFO [main] org.apache.catalina.core.StandardEngine.startInternal Starting Servlet Engine: Pivotal tc Runtime 9.0.13.B.RELEASE
24-Dec-2022 13:09:40.168 INFO [main] org.apache.catalina.startup.HostConfig.deployDescriptor Deploying deployment descriptor [D:\Setup\spring-tool-suite-3.9.9\sts-bundle\pivotal-tc-server\instances\base-instance\conf\Catalina\localhost\DataSecurity.xml]
24-Dec-2022 13:09:40.186 WARNING [main] org.apache.catalina.startup.HostConfig.deployDescriptor The path attribute with value [/DataSecurity] in deployment descriptor [D:\Setup\spring-tool-suite-3.9.9\sts-bundle\pivotal-tc-server\instances\base-instance\conf\Catalina\localhost\DataSecurity.xml] has been ignored
24-Dec-2022 13:09:53.259 INFO [main] org.apache.jasper.servlet.TldScanner.scanJars At least one JAR was scanned for TLDs yet contained no TLDs. Enable debug logging for this logger for a complete list of JARs that were scanned but no TLDs were found in them. Skipping unneeded JARs during scanning can improve startup time and JSP compilation time.
24-Dec-2022 13:09:53.317 INFO [main] org.apache.catalina.startup.HostConfig.deployDescriptor Deployment of deployment descriptor [D:\Setup\spring-tool-suite-3.9.9\sts-bundle\pivotal-tc-server\instances\base-instance\conf\Catalina\localhost\DataSecurity.xml] has finished in [13,149] ms
24-Dec-2022 13:09:53.318 INFO [main] org.apache.catalina.startup.HostConfig.deployDescriptor Deploying deployment descriptor [D:\Setup\spring-tool-suite-3.9.9\sts-bundle\pivotal-tc-server\instances\base-instance\conf\Catalina\localhost\E-Patsanstha.xml]
24-Dec-2022 13:09:53.318 WARNING [main] org.apache.catalina.startup.HostConfig.deployDescriptor The path attribute with value [/E-Patsanstha] in deployment descriptor [D:\Setup\spring-tool-suite-3.9.9\sts-bundle\pivotal-tc-server\instances\base-instance\conf\Catalina\localhost\E-Patsanstha.xml] has been ignored
24-Dec-2022 13:09:53.615 WARNING [main] org.apache.catalina.webresources.Cache.getResource Unable to add the resource at [/WEB-INF/classes/static/UserUI/vendor/font-awesome/css/font-awesome.min.css] to the cache for web application [/E-Patsanstha] because there was insufficient free space available after evicting expired cache entries - consider increasing the maximum size of the cache
24-Dec-2022 13:09:53.617 WARNING [main] org.apache.catalina.webresources.Cache.getResource Unable to add the resource at [/WEB-INF/classes/static/UserUI/vendor/font-awesome/fonts/fontawesome-webfont.eot] to the cache for web application [/E-Patsanstha] because there was insufficient free space available after evicting expired cache entries - consider increasing the maximum size of the cache
24-Dec-2022 13:09:53.617 WARNING [main] org.apache.catalina.webresources.Cache.getResource Unable to add the resource at [/WEB-INF/classes/static/UserUI/vendor/font-awesome/fonts/fontawesome-webfont.svg] to the cache for web application [/E-Patsanstha] because there was insufficient free space available after evicting expired cache entries - consider increasing the maximum size of the cache
24-Dec-2022 13:09:53.617 WARNING [main] org.apache.catalina.webresources.Cache.getResource Unable to add the resource at [/WEB-INF/classes/static/UserUI/vendor/font-awesome/fonts/fontawesome-webfont.ttf] to the cache for web application [/E-Patsanstha] because there was insufficient free space available after evicting expired cache entries - consider increasing the maximum size of the cache
24-Dec-2022 13:09:53.617 WARNING [main] org.apache.catalina.webresources.Cache.getResource Unable to add the resource at [/WEB-INF/classes/static/UserUI/vendor/font-awesome/fonts/fontawesome-webfont.woff] to the cache for web application [/E-Patsanstha] because there was insufficient free space available after evicting expired cache entries - consider increasing the maximum size of the cache
24-Dec-2022 13:09:53.618 WARNING [main] org.apache.catalina.webresources.Cache.getResource Unable to add the resource at [/WEB-INF/classes/static/UserUI/vendor/font-awesome/fonts/fontawesome-webfont.woff2] to the cache for web application [/E-Patsanstha] because there was insufficient free space available after evicting expired cache entries - consider increasing the maximum size of the cache
24-Dec-2022 13:09:53.618 WARNING [main] org.apache.catalina.webresources.Cache.getResource Unable to add the resource at [/WEB-INF/classes/static/UserUI/vendor/font-awesome/fonts/FontAwesome.otf] to the cache for web application [/E-Patsanstha] because there was insufficient free space available after evicting expired cache entries - consider increasing the maximum size of the cache
24-Dec-2022 13:09:53.620 WARNING [main] org.apache.catalina.webresources.Cache.getResource Unable to add the resource at [/WEB-INF/classes/static/UserUI/vendor/font-awesome/less/icons.less] to the cache for web application [/E-Patsanstha] because there was insufficient free space available after evicting expired cache entries - consider increasing the maximum size of the cache
24-Dec-2022 13:09:53.621 WARNING [main] org.apache.catalina.webresources.Cache.getResource Unable to add the resource at [/WEB-INF/classes/static/UserUI/vendor/font-awesome/less/variables.less] to the cache for web application [/E-Patsanstha] because there was insufficient free space available after evicting expired cache entries - consider increasing the maximum size of the cache
24-Dec-2022 13:09:53.624 WARNING [main] org.apache.catalina.webresources.Cache.getResource Unable to add the resource at [/WEB-INF/classes/static/UserUI/vendor/font-awesome/scss/_icons.scss] to the cache for web application [/E-Patsanstha] because there was insufficient free space available after evicting expired cache entries - consider increasing the maximum size of the cache
24-Dec-2022 13:09:53.624 WARNING [main] org.apache.catalina.webresources.Cache.getResource Unable to add the resource at [/WEB-INF/classes/static/UserUI/vendor/font-awesome/scss/_mixins.scss] to the cache for web application [/E-Patsanstha] because there was insufficient free space available after evicting expired cache entries - consider increasing the maximum size of the cache
24-Dec-2022 13:09:53.624 WARNING [main] org.apache.catalina.webresources.Cache.getResource Unable to add the resource at [/WEB-INF/classes/static/UserUI/vendor/font-awesome/scss/_path.scss] to the cache for web application [/E-Patsanstha] because there was insufficient free space available after evicting expired cache entries - consider increasing the maximum size of the cache
24-Dec-2022 13:09:53.625 WARNING [main] org.apache.catalina.webresources.Cache.getResource Unable to add the resource at [/WEB-INF/classes/static/UserUI/vendor/font-awesome/scss/_screen-reader.scss] to the cache for web application [/E-Patsanstha] because there was insufficient free space available after evicting expired cache entries - consider increasing the maximum size of the cache
24-Dec-2022 13:09:53.625 WARNING [main] org.apache.catalina.webresources.Cache.getResource Unable to add the resource at [/WEB-INF/classes/static/UserUI/vendor/font-awesome/scss/_stacked.scss] to the cache for web application [/E-Patsanstha] because there was insufficient free space available after evicting expired cache entries - consider increasing the maximum size of the cache
24-Dec-2022 13:09:53.625 WARNING [main] org.apache.catalina.webresources.Cache.getResource Unable to add the resource at [/WEB-INF/classes/static/UserUI/vendor/font-awesome/scss/_variables.scss] to the cache for web application [/E-Patsanstha] because there was insufficient free space available after evicting expired cache entries - consider increasing the maximum size of the cache
24-Dec-2022 13:09:53.627 WARNING [main] org.apache.catalina.webresources.Cache.getResource Unable to add the resource at [/WEB-INF/classes/static/UserUI/vendor/jquery/jquery.js] to the cache for web application [/E-Patsanstha] because there was insufficient free space available after evicting expired cache entries - consider increasing the maximum size of the cache
24-Dec-2022 13:09:53.627 WARNING [main] org.apache.catalina.webresources.Cache.getResource Unable to add the resource at [/WEB-INF/classes/static/UserUI/vendor/jquery/jquery.min.js] to the cache for web application [/E-Patsanstha] because there was insufficient free space available after evicting expired cache entries - consider increasing the maximum size of the cache
24-Dec-2022 13:09:53.627 WARNING [main] org.apache.catalina.webresources.Cache.getResource Unable to add the resource at [/WEB-INF/classes/static/UserUI/vendor/jquery/jquery.min.map] to the cache for web application [/E-Patsanstha] because there was insufficient free space available after evicting expired cache entries - consider increasing the maximum size of the cache
24-Dec-2022 13:09:53.628 WARNING [main] org.apache.catalina.webresources.Cache.getResource Unable to add the resource at [/WEB-INF/classes/static/UserUI/vendor/jquery/jquery.slim.js] to the cache for web application [/E-Patsanstha] because there was insufficient free space available after evicting expired cache entries - consider increasing the maximum size of the cache
24-Dec-2022 13:09:53.628 WARNING [main] org.apache.catalina.webresources.Cache.getResource Unable to add the resource at [/WEB-INF/classes/static/UserUI/vendor/jquery/jquery.slim.min.js] to the cache for web application [/E-Patsanstha] because there was insufficient free space available after evicting expired cache entries - consider increasing the maximum size of the cache
24-Dec-2022 13:09:53.628 WARNING [main] org.apache.catalina.webresources.Cache.getResource Unable to add the resource at [/WEB-INF/classes/static/UserUI/vendor/jquery/jquery.slim.min.map] to the cache for web application [/E-Patsanstha] because there was insufficient free space available after evicting expired cache entries - consider increasing the maximum size of the cache
24-Dec-2022 13:09:53.629 WARNING [main] org.apache.catalina.webresources.Cache.getResource Unable to add the resource at [/WEB-INF/classes/static/UserUI/vendor/jquery-easing/jquery.easing.compatibility.js] to the cache for web application [/E-Patsanstha] because there was insufficient free space available after evicting expired cache entries - consider increasing the maximum size of the cache
24-Dec-2022 13:09:53.630 WARNING [main] org.apache.catalina.webresources.Cache.getResource Unable to add the resource at [/WEB-INF/classes/static/UserUI/vendor/jquery-easing/jquery.easing.js] to the cache for web application [/E-Patsanstha] because there was insufficient free space available after evicting expired cache entries - consider increasing the maximum size of the cache
24-Dec-2022 13:09:53.630 WARNING [main] org.apache.catalina.webresources.Cache.getResource Unable to add the resource at [/WEB-INF/classes/static/UserUI/vendor/jquery-easing/jquery.easing.min.js] to the cache for web application [/E-Patsanstha] because there was insufficient free space available after evicting expired cache entries - consider increasing the maximum size of the cache
24-Dec-2022 13:09:57.748 WARNING [main] org.apache.catalina.webresources.Cache.getResources Unable to add the resource at [/WEB-INF/classes/org/slf4j/impl/StaticLoggerBinder.class] to the cache for web application [{1}] because there was insufficient free space available after evicting expired cache entries - consider increasing the maximum size of the cache
24-Dec-2022 13:09:57.788 WARNING [main] org.apache.catalina.webresources.Cache.getResource Unable to add the resource at [/WEB-INF/classes/logback-test.xml] to the cache for web application [/E-Patsanstha] because there was insufficient free space available after evicting expired cache entries - consider increasing the maximum size of the cache
24-Dec-2022 13:09:57.789 WARNING [main] org.apache.catalina.webresources.Cache.getResource Unable to add the resource at [/WEB-INF/classes/logback.xml] to the cache for web application [/E-Patsanstha] because there was insufficient free space available after evicting expired cache entries - consider increasing the maximum size of the cache
24-Dec-2022 13:09:57.793 WARNING [main] org.apache.catalina.webresources.Cache.getResources Unable to add the resource at [/WEB-INF/classes/META-INF/services/ch.qos.logback.classic.spi.Configurator] to the cache for web application [{1}] because there was insufficient free space available after evicting expired cache entries - consider increasing the maximum size of the cache
24-Dec-2022 13:09:58.011 WARNING [main] org.apache.catalina.webresources.Cache.getResources Unable to add the resource at [/WEB-INF/classes/META-INF/spring.factories] to the cache for web application [{1}] because there was insufficient free space available after evicting expired cache entries - consider increasing the maximum size of the cache
24-Dec-2022 13:09:58.018 WARNING [main] org.apache.catalina.webresources.Cache.getResource Unable to add the resource at [/WEB-INF/classes/spring.properties] to the cache for web application [/E-Patsanstha] because there was insufficient free space available after evicting expired cache entries - consider increasing the maximum size of the cache
24-Dec-2022 13:09:58.204 WARNING [main] org.apache.catalina.webresources.Cache.getResources Unable to add the resource at [/WEB-INF/classes/jndi.properties] to the cache for web application [{1}] because there was insufficient free space available after evicting expired cache entries - consider increasing the maximum size of the cache
24-Dec-2022 13:10:10.714 INFO [main] org.apache.jasper.servlet.TldScanner.scanJars At least one JAR was scanned for TLDs yet contained no TLDs. Enable debug logging for this logger for a complete list of JARs that were scanned but no TLDs were found in them. Skipping unneeded JARs during scanning can improve startup time and JSP compilation time.
24-Dec-2022 13:10:10.729 INFO [main] org.apache.catalina.startup.HostConfig.deployDescriptor Deployment of deployment descriptor [D:\Setup\spring-tool-suite-3.9.9\sts-bundle\pivotal-tc-server\instances\base-instance\conf\Catalina\localhost\E-Patsanstha.xml] has finished in [17,412] ms
24-Dec-2022 13:10:10.730 INFO [main] org.apache.catalina.startup.HostConfig.deployDirectory Deploying web application directory [D:\Setup\spring-tool-suite-3.9.9\sts-bundle\pivotal-tc-server\instances\base-instance\webapps\manager]
24-Dec-2022 13:10:10.829 INFO [main] org.apache.jasper.servlet.TldScanner.scanJars At least one JAR was scanned for TLDs yet contained no TLDs. Enable debug logging for this logger for a complete list of JARs that were scanned but no TLDs were found in them. Skipping unneeded JARs during scanning can improve startup time and JSP compilation time.
24-Dec-2022 13:10:10.833 INFO [main] org.apache.catalina.startup.HostConfig.deployDirectory Deployment of web application directory [D:\Setup\spring-tool-suite-3.9.9\sts-bundle\pivotal-tc-server\instances\base-instance\webapps\manager] has finished in [103] ms
24-Dec-2022 13:10:10.834 INFO [main] org.apache.catalina.startup.HostConfig.deployDirectory Deploying web application directory [D:\Setup\spring-tool-suite-3.9.9\sts-bundle\pivotal-tc-server\instances\base-instance\webapps\ROOT]
24-Dec-2022 13:10:10.930 INFO [main] org.apache.jasper.servlet.TldScanner.scanJars At least one JAR was scanned for TLDs yet contained no TLDs. Enable debug logging for this logger for a complete list of JARs that were scanned but no TLDs were found in them. Skipping unneeded JARs during scanning can improve startup time and JSP compilation time.
24-Dec-2022 13:10:10.932 INFO [main] org.apache.catalina.startup.HostConfig.deployDirectory Deployment of web application directory [D:\Setup\spring-tool-suite-3.9.9\sts-bundle\pivotal-tc-server\instances\base-instance\webapps\ROOT] has finished in [98] ms
24-Dec-2022 13:10:10.950 INFO [main] org.apache.coyote.AbstractProtocol.start Starting ProtocolHandler ["http-nio-8080"]
